GENSCAN00000007782	1851	1099	100.000	0	0.0	ENSOANT00000040822.2 cdna:protein_coding
GENSCAN00000028920	1539	311	100.000	0	5.27e-167	ENSOANT00000012764.3 cdna:protein_coding
GENSCAN00000028920	1539	202	99.505	1	3.45e-104	ENSOANT00000012764.3 cdna:protein_coding
GENSCAN00000028920	1539	193	100.000	0	2.08e-101	ENSOANT00000012764.3 cdna:protein_coding
GENSCAN00000028920	1539	172	100.000	0	9.80e-90	ENSOANT00000012764.3 cdna:protein_coding
GENSCAN00000028920	1539	145	100.000	0	1.00e-74	ENSOANT00000012764.3 cdna:protein_coding
GENSCAN00000030991	834	770	100.000	0	0.0	ENSOANT00000066037.1 cdna:protein_coding
GENSCAN00000031000	885	40	92.500	0	1.35e-11	ENSOANT00000066037.1 cdna:protein_coding
ENSOANT00000071281.1	2903	67	91.045	0	4.40e-21	ENSOANT00000066037.1 cdna:protein_coding
ENSOANT00000062509.1	5443	140	80.714	2	8.21e-26	ENSOANT00000066037.1 cdna:protein_coding
ENSOANT00000053021.1	5383	140	80.714	2	8.12e-26	ENSOANT00000066037.1 cdna:protein_coding
ENSOANT00000056963.1	1560	40	92.500	0	2.39e-11	ENSOANT00000066037.1 cdna:protein_coding
ENSOANT00000048653.1	1287	40	92.500	0	1.97e-11	ENSOANT00000066037.1 cdna:protein_coding
ENSOANT00000066037.1	1905	1905	100.000	0	0.0	ENSOANT00000066037.1 cdna:protein_coding
ENSOANT00000007664.2	2618	65	92.308	0	1.10e-21	ENSOANT00000066037.1 cdna:protein_coding
ENSOANT00000060584.1	5282	149	77.852	7	3.73e-19	ENSOANT00000066037.1 cdna:protein_coding
ENSOANT00000001929.3	3377	148	79.054	2	8.52e-24	ENSOANT00000066037.1 cdna:protein_coding
ENSOANT00000051003.1	3164	148	79.054	2	7.98e-24	ENSOANT00000066037.1 cdna:protein_coding
ENSOANT00000064417.1	5962	73	89.041	0	9.06e-21	ENSOANT00000066037.1 cdna:protein_coding
ENSOANT00000066375.1	1034	111	82.883	5	1.20e-22	ENSOANT00000066037.1 cdna:protein_coding
ENSOANT00000054129.1	2654	53	90.566	1	1.88e-14	ENSOANT00000066037.1 cdna:protein_coding
ENSOANT00000006282.2	2281	53	90.566	1	1.62e-14	ENSOANT00000066037.1 cdna:protein_coding
ENSOANT00000075527.1	2935	53	90.566	1	2.09e-14	ENSOANT00000066037.1 cdna:protein_coding
ENSOANT00000057587.1	3874	64	87.500	0	5.92e-16	ENSOANT00000066037.1 cdna:protein_coding
ENSOANT00000076532.1	3006	98	84.694	0	2.72e-23	ENSOANT00000066037.1 cdna:protein_coding
ENSOANT00000040822.2	2372	2372	100.000	0	0.0	ENSOANT00000040822.2 cdna:protein_coding
ENSOANT00000020910.3	2664	134	84.328	3	3.08e-32	ENSOANT00000066037.1 cdna:protein_coding
ENSOANT00000012764.3	1518	1518	100.000	0	0.0	ENSOANT00000012764.3 cdna:protein_coding
ENSOANT00000009920.3	2519	110	80.000	4	2.97e-17	ENSOANT00000066037.1 cdna:protein_coding
